[debug] [2022-03-07T17:25:55.345Z] ----------------------------------------------------------------------
[debug] [2022-03-07T17:25:55.347Z] Command:       /usr/bin/node /usr/bin/firebase emulators:start
[debug] [2022-03-07T17:25:55.348Z] CLI Version:   10.2.2
[debug] [2022-03-07T17:25:55.348Z] Platform:      linux
[debug] [2022-03-07T17:25:55.348Z] Node Version:  v16.14.0
[debug] [2022-03-07T17:25:55.348Z] Time:          Tue Mar 08 2022 02:25:55 GMT+0900 (Japan Standard Time)
[debug] [2022-03-07T17:25:55.348Z] ----------------------------------------------------------------------
[debug] 
[debug] [2022-03-07T17:25:55.407Z] > command requires scopes: ["email","openid","https://www.googleapis.com/auth/cloudplatformprojects.readonly","https://www.googleapis.com/auth/firebase","https://www.googleapis.com/auth/cloud-platform"]
[debug] [2022-03-07T17:25:55.407Z] > authorizing via signed-in user (vlad@vmdumitrache.dev)
[info] i  emulators: Starting emulators: auth, functions, firestore, hosting {"metadata":{"emulator":{"name":"hub"},"message":"Starting emulators: auth, functions, firestore, hosting"}}
[debug] [2022-03-07T17:25:55.420Z] [hub] writing locator at /tmp/hub-donate-for-ukraine.json
[warn] ⚠  functions: The following emulators are not running, calls to these services from the Functions emulator will affect production: database, pubsub, storage {"metadata":{"emulator":{"name":"functions"},"message":"The following emulators are not running, calls to these services from the Functions emulator will affect production: \u001b[1mdatabase, pubsub, storage\u001b[22m"}}
[info] ✔  functions: Using node@16 from host. {"metadata":{"emulator":{"name":"functions"},"message":"Using node@16 from host."}}
[debug] [2022-03-07T17:25:55.438Z] defaultcredentials: writing to file /home/vmdumitrache/.config/firebase/vlad_vmdumitrache_dev_application_default_credentials.json
[debug] [2022-03-07T17:25:55.440Z] Setting GAC to /home/vmdumitrache/.config/firebase/vlad_vmdumitrache_dev_application_default_credentials.json {"metadata":{"emulator":{"name":"functions"},"message":"Setting GAC to /home/vmdumitrache/.config/firebase/vlad_vmdumitrache_dev_application_default_credentials.json"}}
[debug] [2022-03-07T17:25:55.443Z] > refreshing access token with scopes: []
[debug] [2022-03-07T17:25:55.444Z] >>> HTTP REQUEST POST https://www.googleapis.com/oauth2/v3/token  
 <request body omitted>
[debug] [2022-03-07T17:25:55.571Z] <<< HTTP RESPONSE 200 {"cache-control":"no-cache, no-store, max-age=0, must-revalidate","pragma":"no-cache","date":"Mon, 07 Mar 2022 17:25:55 GMT","expires":"Mon, 01 Jan 1990 00:00:00 GMT","content-type":"application/json; charset=utf-8","vary":"X-Origin, Referer, Origin,Accept-Encoding","server":"scaffolding on HTTPServer2","x-xss-protection":"0","x-frame-options":"SAMEORIGIN","x-content-type-options":"nosniff","alt-svc":"h3=\":443\"; ma=2592000,h3-29=\":443\"; ma=2592000,h3-Q050=\":443\"; ma=2592000,h3-Q046=\":443\"; ma=2592000,h3-Q043=\":443\"; ma=2592000,quic=\":443\"; ma=2592000; v=\"46,43\"","accept-ranges":"none","transfer-encoding":"chunked"}
[debug] [2022-03-07T17:25:55.585Z] >>> [apiv2][query] GET https://firebase.googleapis.com/v1beta1/projects/donate-for-ukraine/adminSdkConfig [none]
[debug] [2022-03-07T17:25:55.922Z] <<< [apiv2][status] GET https://firebase.googleapis.com/v1beta1/projects/donate-for-ukraine/adminSdkConfig 200
[debug] [2022-03-07T17:25:55.923Z] <<< [apiv2][body] GET https://firebase.googleapis.com/v1beta1/projects/donate-for-ukraine/adminSdkConfig {"projectId":"donate-for-ukraine","storageBucket":"donate-for-ukraine.appspot.com","locationId":"us-central"}
[debug] [2022-03-07T17:25:55.940Z] Ignoring unsupported arg: projectId {"metadata":{"emulator":{"name":"firestore"},"message":"Ignoring unsupported arg: projectId"}}
[debug] [2022-03-07T17:25:55.940Z] Ignoring unsupported arg: auto_download {"metadata":{"emulator":{"name":"firestore"},"message":"Ignoring unsupported arg: auto_download"}}
[debug] [2022-03-07T17:25:55.940Z] Starting Firestore Emulator with command {"binary":"java","args":["-Dgoogle.cloud_firestore.debug_log_level=FINE","-Duser.language=en","-jar","/home/vmdumitrache/.cache/firebase/emulators/cloud-firestore-emulator-v1.13.1.jar","--host","localhost","--port",8181,"--rules","/home/vmdumitrache/projects/donate-for-ukraine/firestore.rules","--functions_emulator","localhost:5001"],"optionalArgs":["port","webchannel_port","host","rules","functions_emulator","seed_from_export"],"joinArgs":false} {"metadata":{"emulator":{"name":"firestore"},"message":"Starting Firestore Emulator with command {\"binary\":\"java\",\"args\":[\"-Dgoogle.cloud_firestore.debug_log_level=FINE\",\"-Duser.language=en\",\"-jar\",\"/home/vmdumitrache/.cache/firebase/emulators/cloud-firestore-emulator-v1.13.1.jar\",\"--host\",\"localhost\",\"--port\",8181,\"--rules\",\"/home/vmdumitrache/projects/donate-for-ukraine/firestore.rules\",\"--functions_emulator\",\"localhost:5001\"],\"optionalArgs\":[\"port\",\"webchannel_port\",\"host\",\"rules\",\"functions_emulator\",\"seed_from_export\"],\"joinArgs\":false}"}}
[info] i  firestore: Firestore Emulator logging to firestore-debug.log {"metadata":{"emulator":{"name":"firestore"},"message":"Firestore Emulator logging to \u001b[1mfirestore-debug.log\u001b[22m"}}
[debug] [2022-03-07T17:25:56.859Z] Mar 08, 2022 2:25:56 AM com.google.cloud.datastore.emulator.firestore.websocket.WebSocketServer start
INFO: Started WebSocket server on ws://localhost:45549
 {"metadata":{"emulator":{"name":"firestore"},"message":"Mar 08, 2022 2:25:56 AM com.google.cloud.datastore.emulator.firestore.websocket.WebSocketServer start\nINFO: Started WebSocket server on ws://localhost:45549\n"}}
[debug] [2022-03-07T17:25:56.918Z] API endpoint: http://localhost {"metadata":{"emulator":{"name":"firestore"},"message":"API endpoint: http://localhost"}}
[debug] [2022-03-07T17:25:56.918Z] :8181
If you are using a library that supports the FIRESTORE_EMULATOR_HOST environment variable, run:

   export FIRESTORE_EMULATOR_HOST=localhost:8181

Dev App Server is now running.

 {"metadata":{"emulator":{"name":"firestore"},"message":":8181\nIf you are using a library that supports the FIRESTORE_EMULATOR_HOST environment variable, run:\n\n   export FIRESTORE_EMULATOR_HOST=localhost:8181\n\nDev App Server is now running.\n\n"}}
[debug] [2022-03-07T17:26:07.518Z] Mar 08, 2022 2:25:57 AM io.gapi.emulators.netty.HttpVersionRoutingHandler channelRead
INFO: Detected non-HTTP/2 connection.
Mar 08, 2022 2:25:57 AM io.gapi.emulators.netty.HttpVersionRoutingHandler channelRead
INFO: Detected non-HTTP/2 connection.
Mar 08, 2022 2:25:58 AM io.gapi.emulators.netty.HttpVersionRoutingHandler channelRead
INFO: Detected non-HTTP/2 connection.
 {"metadata":{"emulator":{"name":"firestore"},"message":"Mar 08, 2022 2:25:57 AM io.gapi.emulators.netty.HttpVersionRoutingHandler channelRead\nINFO: Detected non-HTTP/2 connection.\nMar 08, 2022 2:25:57 AM io.gapi.emulators.netty.HttpVersionRoutingHandler channelRead\nINFO: Detected non-HTTP/2 connection.\nMar 08, 2022 2:25:58 AM io.gapi.emulators.netty.HttpVersionRoutingHandler channelRead\nINFO: Detected non-HTTP/2 connection.\n"}}
[debug] [2022-03-07T17:26:07.520Z] >>> [apiv2][query] GET https://firebasehosting.googleapis.com/v1beta1/projects/donate-for-ukraine/sites 
[debug] [2022-03-07T17:26:08.477Z] <<< [apiv2][status] GET https://firebasehosting.googleapis.com/v1beta1/projects/donate-for-ukraine/sites 200
[debug] [2022-03-07T17:26:08.477Z] <<< [apiv2][body] GET https://firebasehosting.googleapis.com/v1beta1/projects/donate-for-ukraine/sites {"sites":[{"name":"projects/438157951146/sites/donate-for-ukraine","defaultUrl":"https://donate-for-ukraine.web.app","type":"DEFAULT_SITE"}]}
[debug] [2022-03-07T17:26:08.477Z] >>> [apiv2][query] GET https://firebase.googleapis.com/v1beta1/projects/donate-for-ukraine/webApps/-/config [none]
[debug] [2022-03-07T17:26:09.470Z] <<< [apiv2][status] GET https://firebase.googleapis.com/v1beta1/projects/donate-for-ukraine/webApps/-/config 200
[debug] [2022-03-07T17:26:09.470Z] <<< [apiv2][body] GET https://firebase.googleapis.com/v1beta1/projects/donate-for-ukraine/webApps/-/config {"projectId":"donate-for-ukraine","appId":"1:438157951146:web:5255e8c42b53528c2390d3","storageBucket":"donate-for-ukraine.appspot.com","locationId":"us-central","apiKey":"AIzaSyB6mL9Gx6QBfwg3Z_zLKP3s2tSclWgN6bo","authDomain":"donate-for-ukraine.firebaseapp.com","messagingSenderId":"438157951146","measurementId":"G-XHHDMJLZSD"}
[info] i  hosting: Serving hosting files from: dist {"metadata":{"emulator":{"name":"hosting"},"message":"Serving hosting files from: \u001b[1mdist\u001b[22m"}}
[info] ✔  hosting: Local server: http://localhost:5000 {"metadata":{"emulator":{"name":"hosting"},"message":"Local server: \u001b[4m\u001b[1mhttp://localhost:5000\u001b[22m\u001b[24m"}}
[debug] [2022-03-07T17:26:09.499Z] Ignoring unsupported arg: auto_download {"metadata":{"emulator":{"name":"ui"},"message":"Ignoring unsupported arg: auto_download"}}
[debug] [2022-03-07T17:26:09.499Z] Ignoring unsupported arg: port {"metadata":{"emulator":{"name":"ui"},"message":"Ignoring unsupported arg: port"}}
[debug] [2022-03-07T17:26:09.499Z] Starting Emulator UI with command {"binary":"node","args":["/home/vmdumitrache/.cache/firebase/emulators/ui-v1.6.5/server.bundle.js"],"optionalArgs":[],"joinArgs":false} {"metadata":{"emulator":{"name":"ui"},"message":"Starting Emulator UI with command {\"binary\":\"node\",\"args\":[\"/home/vmdumitrache/.cache/firebase/emulators/ui-v1.6.5/server.bundle.js\"],\"optionalArgs\":[],\"joinArgs\":false}"}}
[info] i  ui: Emulator UI logging to ui-debug.log {"metadata":{"emulator":{"name":"ui"},"message":"Emulator UI logging to \u001b[1mui-debug.log\u001b[22m"}}
[debug] [2022-03-07T17:26:09.618Z] Web / API server started at localhost:4000
 {"metadata":{"emulator":{"name":"ui"},"message":"Web / API server started at localhost:4000\n"}}
[info] i  functions: Watching "/home/vmdumitrache/projects/donate-for-ukraine/functions" for Cloud Functions... {"metadata":{"emulator":{"name":"functions"},"message":"Watching \"/home/vmdumitrache/projects/donate-for-ukraine/functions\" for Cloud Functions..."}}
[debug] [2022-03-07T17:26:09.774Z] Validating nodejs source
[debug] [2022-03-07T17:26:10.780Z] > [functions] package.json contents: {
  "name": "functions",
  "description": "Cloud Functions for Firebase",
  "scripts": {
    "lint": "eslint",
    "serve": "firebase emulators:start --only functions",
    "shell": "firebase functions:shell",
    "start": "npm run shell",
    "deploy": "firebase deploy --only functions",
    "logs": "firebase functions:log"
  },
  "engines": {
    "node": "16"
  },
  "main": "index.js",
  "dependencies": {
    "@sendgrid/mail": "^7.6.1",
    "firebase-admin": "^9.8.0",
    "firebase-functions": "^3.14.1"
  },
  "devDependencies": {
    "eslint": "^7.6.0",
    "eslint-config-google": "^0.14.0",
    "firebase-functions-test": "^0.2.0"
  },
  "private": true
}
[debug] [2022-03-07T17:26:10.780Z] Building nodejs source
[debug] [2022-03-07T17:26:10.780Z] Analyzing nodejs backend spec
[debug] [2022-03-07T17:26:10.927Z] addAuthTrigger {"eventTrigger":{"eventType":"providers/firebase.auth/eventTypes/user.create","resource":"projects/donate-for-ukraine"}}
[info] ✔  functions[us-central1-AddUserRole]: auth function initialized. {"metadata":{"emulator":{"name":"functions"},"message":"\u001b[1mauth\u001b[22m function initialized."}}
[debug] [2022-03-07T17:26:10.928Z] addFirestoreTrigger "{\"eventTrigger\":{\"eventType\":\"providers/cloud.firestore/eventTypes/document.update\",\"resource\":\"projects/donate-for-ukraine/databases/(default)/documents/users/{userId}\",\"service\":\"firestore.googleapis.com\"}}"
[debug] [2022-03-07T17:26:10.928Z] >>> HTTP REQUEST PUT http://localhost:8181/emulator/v1/projects/donate-for-ukraine/triggers/us-central1-UpdateUserClaims-0  
 {"eventTrigger":{"eventType":"providers/cloud.firestore/eventTypes/document.update","resource":"projects/donate-for-ukraine/databases/(default)/documents/users/{userId}","service":"firestore.googleapis.com"}}
[debug] [2022-03-07T17:26:10.934Z] Mar 08, 2022 2:26:10 AM io.gapi.emulators.netty.HttpVersionRoutingHandler channelRead
INFO: Detected non-HTTP/2 connection.
 {"metadata":{"emulator":{"name":"firestore"},"message":"Mar 08, 2022 2:26:10 AM io.gapi.emulators.netty.HttpVersionRoutingHandler channelRead\nINFO: Detected non-HTTP/2 connection.\n"}}
[debug] [2022-03-07T17:26:11.106Z] Mar 08, 2022 2:26:11 AM io.gapi.emulators.netty.HttpVersionRoutingHandler channelRead
INFO: Detected HTTP/2 connection.
 {"metadata":{"emulator":{"name":"firestore"},"message":"Mar 08, 2022 2:26:11 AM io.gapi.emulators.netty.HttpVersionRoutingHandler channelRead\nINFO: Detected HTTP/2 connection.\n"}}
[debug] [2022-03-07T17:26:11.169Z] <<< HTTP RESPONSE 200 {"content-type":"application/json","content-length":"4"}
[info] ✔  functions[us-central1-UpdateUserClaims]: firestore function initialized. {"metadata":{"emulator":{"name":"functions"},"message":"\u001b[1mfirestore\u001b[22m function initialized."}}
[debug] [2022-03-07T17:26:11.170Z] addFirestoreTrigger "{\"eventTrigger\":{\"eventType\":\"providers/cloud.firestore/eventTypes/document.create\",\"resource\":\"projects/donate-for-ukraine/databases/(default)/documents/contactMessages/{contactId}\",\"service\":\"firestore.googleapis.com\"}}"
[debug] [2022-03-07T17:26:11.171Z] >>> HTTP REQUEST PUT http://localhost:8181/emulator/v1/projects/donate-for-ukraine/triggers/us-central1-sendContactEmail-0  
 {"eventTrigger":{"eventType":"providers/cloud.firestore/eventTypes/document.create","resource":"projects/donate-for-ukraine/databases/(default)/documents/contactMessages/{contactId}","service":"firestore.googleapis.com"}}
[debug] [2022-03-07T17:26:11.174Z] Mar 08, 2022 2:26:11 AM io.gapi.emulators.netty.HttpVersionRoutingHandler channelRead
INFO: Detected non-HTTP/2 connection.
 {"metadata":{"emulator":{"name":"firestore"},"message":"Mar 08, 2022 2:26:11 AM io.gapi.emulators.netty.HttpVersionRoutingHandler channelRead\nINFO: Detected non-HTTP/2 connection.\n"}}
[debug] [2022-03-07T17:26:11.182Z] <<< HTTP RESPONSE 200 {"content-type":"application/json","content-length":"4"}
[info] ✔  functions[us-central1-sendContactEmail]: firestore function initialized. {"metadata":{"emulator":{"name":"functions"},"message":"\u001b[1mfirestore\u001b[22m function initialized."}}
[info] 
┌─────────────────────────────────────────────────────────────┐
│ ✔  All emulators ready! It is now safe to connect your app. │
│ i  View Emulator UI at http://localhost:4000                │
└─────────────────────────────────────────────────────────────┘

┌────────────────┬────────────────┬─────────────────────────────────┐
│ Emulator       │ Host:Port      │ View in Emulator UI             │
├────────────────┼────────────────┼─────────────────────────────────┤
│ Authentication │ localhost:9099 │ http://localhost:4000/auth      │
├────────────────┼────────────────┼─────────────────────────────────┤
│ Functions      │ localhost:5001 │ http://localhost:4000/functions │
├────────────────┼────────────────┼─────────────────────────────────┤
│ Firestore      │ localhost:8181 │ http://localhost:4000/firestore │
├────────────────┼────────────────┼─────────────────────────────────┤
│ Hosting        │ localhost:5000 │ n/a                             │
└────────────────┴────────────────┴─────────────────────────────────┘
  Emulator Hub running at localhost:4400
  Other reserved ports: 4500

Issues? Report them at https://github.com/firebase/firebase-tools/issues and attach the *-debug.log files.
 
